<?xml version="1.0" encoding="UTF-8"?>
<!-- Generated by org.testng.reporters.JUnitReportReporter -->
<testsuite skipped="0" name="scripts.BuyItem" tests="1" failures="0" timestamp="27 Sep 2017 12:05:18 GMT" time="113.990" errors="0">
  <testcase name="buy_Item" time="113.990" classname="scripts.BuyItem"/>
</testsuite> <!-- scripts.BuyItem -->
